<?xml version="1.0" encoding="UTF-8"?>
<!-- Generated by org.testng.reporters.JUnitReportReporter -->
<testsuite hostname="BSG-LAPTOP-53" name="com.practice.turing.testcases.TuringHomePageTest" tests="1" failures="0" timestamp="10 Mar 2022 12:32:14 GMT" time="17.167" errors="0">
  <testcase name="clickOnCustomerIndTest" time="17.167" classname="com.practice.turing.testcases.TuringHomePageTest"/>
</testsuite> <!-- com.practice.turing.testcases.TuringHomePageTest -->
